--------------------------------------------------------------------------------
Release 12.4 Trace  (lin64)
Copyright (c) 1995-2010 Xilinx, Inc.  All rights reserved.

/opt/Xilinx/12.4/ISE_DS/ISE/bin/lin64/unwrapped/trce -intstyle ise -v 3 -s 3 -n
3 -fastpaths -xml calc.twx calc.ncd -o calc.twr calc.pcf -ucf nex6.ucf

Design file:              calc.ncd
Physical constraint file: calc.pcf
Device,package,speed:     xc6slx16,csg324,C,-3 (PRODUCTION 1.15 2010-12-02)
Report level:             verbose report

Environment Variable      Effect 
--------------------      ------ 
NONE                      No environment variables were set
--------------------------------------------------------------------------------

INFO:Timing:2698 - No timing constraints found, doing default enumeration.
INFO:Timing:2752 - To get complete path coverage, use the unconstrained paths 
   option. All paths that are not constrained will be reported in the 
   unconstrained paths section(s) of the report.
INFO:Timing:3339 - The clock-to-out numbers in this timing report are based on 
   a 50 Ohm transmission line loading model.  For the details of this model, 
   and for more information on accounting for different loading conditions, 
   please see the device datasheet.



Data Sheet report:
-----------------
All values displayed in nanoseconds (ns)

Pad to Pad
---------------+---------------+---------+
Source Pad     |Destination Pad|  Delay  |
---------------+---------------+---------+
btn<0>         |led<0>         |   11.737|
btn<0>         |led<1>         |   12.240|
btn<0>         |led<2>         |   11.307|
btn<0>         |led<3>         |   11.489|
btn<0>         |led<4>         |   11.241|
btn<0>         |sevenseg<0>    |   12.748|
btn<0>         |sevenseg<1>    |   11.775|
btn<0>         |sevenseg<2>    |   13.208|
btn<0>         |sevenseg<3>    |   12.825|
btn<0>         |sevenseg<4>    |   12.251|
btn<0>         |sevenseg<5>    |   12.952|
btn<0>         |sevenseg<6>    |   12.344|
btn<1>         |led<0>         |   11.037|
btn<1>         |led<1>         |   11.273|
btn<1>         |led<2>         |   10.741|
btn<1>         |led<3>         |   10.722|
btn<1>         |led<4>         |   10.474|
btn<1>         |sevenseg<0>    |   11.951|
btn<1>         |sevenseg<1>    |   11.209|
btn<1>         |sevenseg<2>    |   12.241|
btn<1>         |sevenseg<3>    |   12.028|
btn<1>         |sevenseg<4>    |   11.427|
btn<1>         |sevenseg<5>    |   11.985|
btn<1>         |sevenseg<6>    |   11.520|
switches<0>    |led<0>         |    8.819|
switches<0>    |led<1>         |    8.629|
switches<0>    |led<2>         |    9.270|
switches<0>    |led<3>         |    9.212|
switches<0>    |led<4>         |    8.964|
switches<0>    |sevenseg<0>    |   10.441|
switches<0>    |sevenseg<1>    |    9.738|
switches<0>    |sevenseg<2>    |   10.119|
switches<0>    |sevenseg<3>    |   10.518|
switches<0>    |sevenseg<4>    |    9.956|
switches<0>    |sevenseg<5>    |    9.863|
switches<0>    |sevenseg<6>    |   10.049|
switches<1>    |led<1>         |    9.327|
switches<1>    |led<2>         |    8.839|
switches<1>    |led<3>         |    8.980|
switches<1>    |led<4>         |    8.732|
switches<1>    |sevenseg<0>    |   10.209|
switches<1>    |sevenseg<1>    |    9.307|
switches<1>    |sevenseg<2>    |   10.295|
switches<1>    |sevenseg<3>    |   10.286|
switches<1>    |sevenseg<4>    |    9.525|
switches<1>    |sevenseg<5>    |   10.039|
switches<1>    |sevenseg<6>    |    9.618|
switches<2>    |led<2>         |    8.540|
switches<2>    |led<3>         |    9.025|
switches<2>    |led<4>         |    8.777|
switches<2>    |sevenseg<0>    |   10.254|
switches<2>    |sevenseg<1>    |    9.014|
switches<2>    |sevenseg<2>    |    9.679|
switches<2>    |sevenseg<3>    |   10.331|
switches<2>    |sevenseg<4>    |    9.226|
switches<2>    |sevenseg<5>    |    9.423|
switches<2>    |sevenseg<6>    |    9.319|
switches<3>    |led<3>         |    8.821|
switches<3>    |led<4>         |    8.573|
switches<3>    |sevenseg<0>    |   10.050|
switches<3>    |sevenseg<1>    |    8.810|
switches<3>    |sevenseg<2>    |    9.475|
switches<3>    |sevenseg<3>    |   10.127|
switches<3>    |sevenseg<4>    |    8.947|
switches<3>    |sevenseg<5>    |    9.219|
switches<3>    |sevenseg<6>    |    9.040|
switches<4>    |led<0>         |    8.868|
switches<4>    |led<1>         |    8.992|
switches<4>    |led<2>         |    9.319|
switches<4>    |led<3>         |    9.089|
switches<4>    |led<4>         |    8.841|
switches<4>    |sevenseg<0>    |   10.318|
switches<4>    |sevenseg<1>    |    9.787|
switches<4>    |sevenseg<2>    |   10.168|
switches<4>    |sevenseg<3>    |   10.395|
switches<4>    |sevenseg<4>    |   10.005|
switches<4>    |sevenseg<5>    |    9.912|
switches<4>    |sevenseg<6>    |   10.098|
switches<5>    |led<1>         |    9.110|
switches<5>    |led<2>         |    8.786|
switches<5>    |led<3>         |    9.378|
switches<5>    |led<4>         |    9.130|
switches<5>    |sevenseg<0>    |   10.607|
switches<5>    |sevenseg<1>    |    9.367|
switches<5>    |sevenseg<2>    |   10.078|
switches<5>    |sevenseg<3>    |   10.684|
switches<5>    |sevenseg<4>    |    9.504|
switches<5>    |sevenseg<5>    |    9.822|
switches<5>    |sevenseg<6>    |    9.597|
switches<6>    |led<2>         |    8.905|
switches<6>    |led<3>         |    9.301|
switches<6>    |led<4>         |    9.053|
switches<6>    |sevenseg<0>    |   10.530|
switches<6>    |sevenseg<1>    |    9.373|
switches<6>    |sevenseg<2>    |    9.955|
switches<6>    |sevenseg<3>    |   10.607|
switches<6>    |sevenseg<4>    |    9.591|
switches<6>    |sevenseg<5>    |    9.699|
switches<6>    |sevenseg<6>    |    9.684|
switches<7>    |led<3>         |    9.048|
switches<7>    |led<4>         |    8.800|
switches<7>    |sevenseg<0>    |   10.277|
switches<7>    |sevenseg<1>    |    9.037|
switches<7>    |sevenseg<2>    |    9.702|
switches<7>    |sevenseg<3>    |   10.354|
switches<7>    |sevenseg<4>    |    9.174|
switches<7>    |sevenseg<5>    |    9.446|
switches<7>    |sevenseg<6>    |    9.267|
---------------+---------------+---------+


Analysis completed Fri Sep 23 12:15:49 2016 
--------------------------------------------------------------------------------

Trace Settings:
-------------------------
Trace Settings 

Peak Memory Usage: 287 MB



