Running: /opt/Xilinx/12.4/ISE_DS/ISE/bin/lin64/unwrapped/fuse -intstyle ise -incremental -lib secureip -o /home/m1/raquin/Documents/S1/aeo/4tp_clock/ping_pong/shift_isim_beh.exe -prj /home/m1/raquin/Documents/S1/aeo/4tp_clock/ping_pong/shift_beh.prj work.shift 
ISim M.81d (signature 0x9ca8bed6)
Number of CPUs detected in this system: 4
Turning on mult-threading, number of parallel sub-compilation jobs: 8 
Determining compilation order of HDL files
Parsing VHDL file "/home/m1/raquin/Documents/S1/aeo/4tp_clock/ping_pong/fpd.vhd" into library work
Parsing VHDL file "/home/m1/raquin/Documents/S1/aeo/4tp_clock/ping_pong/clk_div.vhd" into library work
Parsing VHDL file "/home/m1/raquin/Documents/S1/aeo/4tp_clock/ping_pong/shift.vhd" into library work
Starting static elaboration
Completed static elaboration
Fuse Memory Usage: 74148 KB
Fuse CPU Usage: 60 ms
Using precompiled package standard from library std
Using precompiled package std_logic_1164 from library ieee
Using precompiled package std_logic_arith from library ieee
Using precompiled package std_logic_unsigned from library ieee
Compiling architecture behavioral of entity fpd [\fpd('1')\]
Compiling architecture behavioral of entity fpd [\fpd('0')\]
Compiling architecture behavioral of entity clk_div [clk_div_default]
Compiling architecture behavioral of entity shift
Time Resolution for simulation is 1ps.
Waiting for 1 sub-compilation(s) to finish...
Compiled 11 VHDL Units
Built simulation executable /home/m1/raquin/Documents/S1/aeo/4tp_clock/ping_pong/shift_isim_beh.exe
Fuse Memory Usage: 635316 KB
Fuse CPU Usage: 80 ms
GCC CPU Usage: 140 ms
