Running: /opt/Xilinx/12.4/ISE_DS/ISE/bin/lin64/unwrapped/fuse -intstyle ise -incremental -lib secureip -o /home/m1/raquin/Documents/S1/aeo/3tp_Process/TP3/count1_isim_beh.exe -prj /home/m1/raquin/Documents/S1/aeo/3tp_Process/TP3/count1_beh.prj work.count1 
ISim M.81d (signature 0x9ca8bed6)
Number of CPUs detected in this system: 4
Turning on mult-threading, number of parallel sub-compilation jobs: 8 
Determining compilation order of HDL files
Parsing VHDL file "/home/m1/raquin/Documents/S1/aeo/3tp_Process/TP3/count1.vhd" into library work
Starting static elaboration
Completed static elaboration
Fuse Memory Usage: 72120 KB
Fuse CPU Usage: 60 ms
Using precompiled package standard from library std
Using precompiled package std_logic_1164 from library ieee
Using precompiled package std_logic_arith from library ieee
Compiling architecture behavioral of entity count1
Time Resolution for simulation is 1ps.
Waiting for 1 sub-compilation(s) to finish...
Compiled 4 VHDL Units
Built simulation executable /home/m1/raquin/Documents/S1/aeo/3tp_Process/TP3/count1_isim_beh.exe
Fuse Memory Usage: 634420 KB
Fuse CPU Usage: 70 ms
GCC CPU Usage: 80 ms
