ISim log file
Running: /home/m1/raquin/Documents/S1/aeo/3tp_Process/TP3/count1_isim_beh.exe -gui -tclbatch isim.cmd -wdb /home/m1/raquin/Documents/S1/aeo/3tp_Process/TP3/count1_isim_beh.wdb 
ISim M.81d (signature 0x9ca8bed6)
WARNING: A WEBPACK license was found.
WARNING: Please use Xilinx License Configuration Manager to check out a full ISim license.
WARNING: ISim will run in Lite mode. Please refer to the ISim documentation for more information on the differences between the Lite and the Full version.
This is a Lite version of ISim.
Time resolution is 1 ps
# onerror resume
# wave add /
# run 1000 ns
Simulator is doing circuit initialization process.
Finished circuit initialization process.
# isim force add /count1/switches 00 -radix hex
# isim force add /count1/switches 00 -radix hex
# run 1.00us
# isim force add /count1/switches 01 -radix hex
# isim force add /count1/switches 01 -radix hex
# run 1.00us
# isim force add /count1/switches 55 -radix hex
# isim force add /count1/switches 55 -radix hex
# run 1.00us
# exit 0
