Release 14.4 Map P.49d (lin64)
Xilinx Mapping Report File for Design 'Nexys3v6'

Design Information
------------------
Command Line   : map -intstyle ise -p xc6slx16-csg324-3 -w -logic_opt off -ol
high -t 1 -xt 0 -register_duplication off -r 4 -global_opt off -mt off -ir off
-pr off -lc off -power off -o Nexys3v6_map.ncd Nexys3v6.ngd Nexys3v6.pcf 
Target Device  : xc6slx16
Target Package : csg324
Target Speed   : -3
Mapper Version : spartan6 -- $Revision: 1.55 $
Mapped Date    : Fri Nov  4 13:17:36 2016

Design Summary
--------------
Number of errors:      0
Number of warnings:    7
Slice Logic Utilization:
  Number of Slice Registers:                   625 out of  18,224    3%
    Number used as Flip Flops:                 624
    Number used as Latches:                      0
    Number used as Latch-thrus:                  0
    Number used as AND/OR logics:                1
  Number of Slice LUTs:                      2,748 out of   9,112   30%
    Number used as logic:                    2,500 out of   9,112   27%
      Number using O6 output only:           1,688
      Number using O5 output only:             104
      Number using O5 and O6:                  708
      Number used as ROM:                        0
    Number used as Memory:                     231 out of   2,176   10%
      Number used as Dual Port RAM:            160
        Number using O6 output only:           132
        Number using O5 output only:             0
        Number using O5 and O6:                 28
      Number used as Single Port RAM:           70
        Number using O6 output only:             9
        Number using O5 output only:             3
        Number using O5 and O6:                 58
      Number used as Shift Register:             1
        Number using O6 output only:             1
        Number using O5 output only:             0
        Number using O5 and O6:                  0
    Number used exclusively as route-thrus:     17
      Number with same-slice register load:      4
      Number with same-slice carry load:        13
      Number with other load:                    0

Slice Logic Distribution:
  Number of occupied Slices:                   891 out of   2,278   39%
  Number of MUXCYs used:                     1,088 out of   4,556   23%
  Number of LUT Flip Flop pairs used:        2,807
    Number with an unused Flip Flop:         2,203 out of   2,807   78%
    Number with an unused LUT:                  59 out of   2,807    2%
    Number of fully used LUT-FF pairs:         545 out of   2,807   19%
    Number of unique control sets:             106
    Number of slice register sites lost
      to control set restrictions:             515 out of  18,224    2%

  A LUT Flip Flop pair for this architecture represents one LUT paired with
  one Flip Flop within a slice.  A control set is a unique combination of
  clock, reset, set, and enable signals for a registered element.
  The Slice Logic Distribution report is not meaningful if the design is
  over-mapped for a non-slice resource or if Placement fails.

IO Utilization:
  Number of bonded IOBs:                        39 out of     232   16%
    Number of LOCed IOBs:                       39 out of      39  100%

Specific Feature Utilization:
  Number of RAMB16BWERs:                         0 out of      32    0%
  Number of RAMB8BWERs:                          0 out of      64    0%
  Number of BUFIO2/BUFIO2_2CLKs:                 1 out of      32    3%
    Number used as BUFIO2s:                      1
    Number used as BUFIO2_2CLKs:                 0
  Number of BUFIO2FB/BUFIO2FB_2CLKs:             1 out of      32    3%
    Number used as BUFIO2FBs:                    1
    Number used as BUFIO2FB_2CLKs:               0
  Number of BUFG/BUFGMUXs:                       2 out of      16   12%
    Number used as BUFGs:                        2
    Number used as BUFGMUX:                      0
  Number of DCM/DCM_CLKGENs:                     1 out of       4   25%
    Number used as DCMs:                         1
    Number used as DCM_CLKGENs:                  0
  Number of ILOGIC2/ISERDES2s:                   0 out of     248    0%
  Number of IODELAY2/IODRP2/IODRP2_MCBs:         0 out of     248    0%
  Number of OLOGIC2/OSERDES2s:                   0 out of     248    0%
  Number of BSCANs:                              0 out of       4    0%
  Number of BUFHs:                               0 out of     128    0%
  Number of BUFPLLs:                             0 out of       8    0%
  Number of BUFPLL_MCBs:                         0 out of       4    0%
  Number of DSP48A1s:                            0 out of      32    0%
  Number of ICAPs:                               0 out of       1    0%
  Number of MCBs:                                0 out of       2    0%
  Number of PCILOGICSEs:                         0 out of       2    0%
  Number of PLL_ADVs:                            0 out of       2    0%
  Number of PMVs:                                0 out of       1    0%
  Number of STARTUPs:                            0 out of       1    0%
  Number of SUSPEND_SYNCs:                       0 out of       1    0%

Average Fanout of Non-Clock Nets:                4.82

Peak Memory Usage:  708 MB
Total REAL time to MAP completion:  19 secs 
Total CPU time to MAP completion:   17 secs 

Table of Contents
-----------------
Section 1 - Errors
Section 2 - Warnings
Section 3 - Informational
Section 4 - Removed Logic Summary
Section 5 - Removed Logic
Section 6 - IOB Properties
Section 7 - RPMs
Section 8 - Guide Report
Section 9 - Area Group and Partition Summary
Section 10 - Timing Report
Section 11 - Configuration String Information
Section 12 - Control Set Information
Section 13 - Utilization by Hierarchy

Section 1 - Errors
------------------

Section 2 - Warnings
--------------------
WARNING:PhysDesignRules:367 - The signal
   <my_Master/Mdatastack.Inst_IPdataStack/Inst_datastack/Mram_RAM4_RAMD_D1_O> is
   incomplete. The signal does not drive any load pins in the design.
WARNING:PhysDesignRules:367 - The signal
   <my_Master/Mdatastack.Inst_IPdataStack/Inst_datastack/Mram_RAM5_RAMD_D1_O> is
   incomplete. The signal does not drive any load pins in the design.
WARNING:PhysDesignRules:367 - The signal
   <my_Master/Mdatastack.Inst_IPdataStack/Inst_datastack/Mram_RAM1_RAMD_D1_O> is
   incomplete. The signal does not drive any load pins in the design.
WARNING:PhysDesignRules:367 - The signal
   <my_Master/Mdatastack.Inst_IPdataStack/Inst_datastack/Mram_RAM2_RAMD_D1_O> is
   incomplete. The signal does not drive any load pins in the design.
WARNING:PhysDesignRules:367 - The signal
   <my_Master/Mdatastack.Inst_IPdataStack/Inst_datastack/Mram_RAM3_RAMD_D1_O> is
   incomplete. The signal does not drive any load pins in the design.
WARNING:PhysDesignRules:367 - The signal
   <my_Master/HCU_Master/Inst_returnstack/Mram_RAM1_RAMD_D1_O> is incomplete.
   The signal does not drive any load pins in the design.
WARNING:PhysDesignRules:367 - The signal
   <my_Master/HCU_Master/Inst_returnstack/Mram_RAM2_RAMD_D1_O> is incomplete.
   The signal does not drive any load pins in the design.

Section 3 - Informational
-------------------------
INFO:LIT:243 - Logical network PS2_Clk_IBUF has no load.
INFO:LIT:395 - The above info message is repeated 72 more times for the
   following (max. 5 shown):
   PS2_Data_IBUF,
   rx_GPS_IBUF,
   fix_gps_IBUF,
   pps_gps_IBUF,
   my_Master/Mdatastack.Inst_IPdataStack/Inst_datastack/Mram_RAM61/SPO
   To see the details of these info messages, please use the -detail switch.
INFO:MapLib:562 - No environment variables are currently set.
INFO:LIT:244 - All of the single ended outputs in this design are using slew
   rate limited output drivers. The delay on speed critical single ended outputs
   can be dramatically reduced by designating them as fast outputs.
INFO:Pack:1716 - Initializing temperature to 85.000 Celsius. (default - Range:
   0.000 to 85.000 Celsius)
INFO:Pack:1720 - Initializing voltage to 1.140 Volts. (default - Range: 1.140 to
   1.260 Volts)
INFO:Map:215 - The Interim Design Summary has been generated in the MAP Report
   (.mrp).
INFO:Pack:1650 - Map created a placed design.

Section 4 - Removed Logic Summary
---------------------------------
   8 block(s) removed
   5 block(s) optimized away
   2 signal(s) removed

Section 5 - Removed Logic
-------------------------

The trimmed logic report below shows the logic removed from your design due to
sourceless or loadless signals, and VCC or ground connections.  If the removal
of a signal or symbol results in the subsequent removal of an additional signal
or symbol, the message explaining that second removal will be indented.  This
indentation will be repeated as a chain of related logic is removed.

To quickly locate the original cause for the removal of a chain of logic, look
above the place where that logic is listed in the trimming report, then locate
the lines that are least indented (begin at the leftmost edge).

The signal "my_Master/Mfunit.Inst_IPFunit/my_incdec/BU2/c_out" is sourceless and
has been removed.
The signal "my_Master/Mfunit.Inst_IPFunit/my_addsub/BU2/c_out" is sourceless and
has been removed.
Unused block "my_Master/Mfunit.Inst_IPFunit/my_addsub/BU2/XST_GND" (ZERO)
removed.
Unused block "my_Master/Mfunit.Inst_IPFunit/my_addsub/GND" (ZERO) removed.
Unused block "my_Master/Mfunit.Inst_IPFunit/my_addsub/VCC" (ONE) removed.
Unused block "my_Master/Mfunit.Inst_IPFunit/my_incdec/BU2/XST_GND" (ZERO)
removed.
Unused block "my_Master/Mfunit.Inst_IPFunit/my_incdec/GND" (ZERO) removed.
Unused block "my_Master/Mfunit.Inst_IPFunit/my_incdec/VCC" (ONE) removed.
Unused block "my_Master/Mmul16.Inst_IP_mul16/my_mul16/blk00000001" (ONE)
removed.
Unused block "my_Master/Mmul16.Inst_IP_mul16/my_mul16/blk00000002" (ZERO)
removed.

Optimized Block(s):
TYPE 		BLOCK
GND 		My_E190/XLXI_1/XST_GND
VCC 		My_E190/XLXI_1/XST_VCC
VCC 		My_E190/XLXI_2
GND 		XST_GND
GND 		my_Master/Mmul16.Inst_IP_mul16/my_mul16/blk00000003/blk00000004

To enable printing of redundant blocks removed and signals merged, set the
detailed map report option and rerun map.

Section 6 - IOB Properties
--------------------------

+---------------------------------------------------------------------------------------------------------------------------------------------------------+
| IOB Name                           | Type             | Direction | IO Standard          | Diff  | Drive    | Slew | Reg (s)      | Resistor | IOB      |
|                                    |                  |           |                      | Term  | Strength | Rate |              |          | Delay    |
+---------------------------------------------------------------------------------------------------------------------------------------------------------+
| PS2_Clk                            | IOB              | INPUT     | LVCMOS25             |       |          |      |              |          |          |
| PS2_Data                           | IOB              | INPUT     | LVCMOS25             |       |          |      |              |          |          |
| a_to_g<0>                          | IOB              | OUTPUT    | LVCMOS25             |       | 12       | SLOW |              |          |          |
| a_to_g<1>                          | IOB              | OUTPUT    | LVCMOS25             |       | 12       | SLOW |              |          |          |
| a_to_g<2>                          | IOB              | OUTPUT    | LVCMOS25             |       | 12       | SLOW |              |          |          |
| a_to_g<3>                          | IOB              | OUTPUT    | LVCMOS25             |       | 12       | SLOW |              |          |          |
| a_to_g<4>                          | IOB              | OUTPUT    | LVCMOS25             |       | 12       | SLOW |              |          |          |
| a_to_g<5>                          | IOB              | OUTPUT    | LVCMOS25             |       | 12       | SLOW |              |          |          |
| a_to_g<6>                          | IOB              | OUTPUT    | LVCMOS25             |       | 12       | SLOW |              |          |          |
| an<0>                              | IOB              | OUTPUT    | LVCMOS25             |       | 12       | SLOW |              |          |          |
| an<1>                              | IOB              | OUTPUT    | LVCMOS25             |       | 12       | SLOW |              |          |          |
| an<2>                              | IOB              | OUTPUT    | LVCMOS25             |       | 12       | SLOW |              |          |          |
| an<3>                              | IOB              | OUTPUT    | LVCMOS25             |       | 12       | SLOW |              |          |          |
| btn<0>                             | IOB              | INPUT     | LVCMOS25             |       |          |      |              |          |          |
| btn<1>                             | IOB              | INPUT     | LVCMOS25             |       |          |      |              |          |          |
| btn<2>                             | IOB              | INPUT     | LVCMOS25             |       |          |      |              |          |          |
| btn<3>                             | IOB              | INPUT     | LVCMOS25             |       |          |      |              |          |          |
| btn<4>                             | IOB              | INPUT     | LVCMOS25             |       |          |      |              |          |          |
| fix_gps                            | IOB              | INPUT     | LVCMOS25             |       |          |      |              |          |          |
| led<0>                             | IOB              | OUTPUT    | LVCMOS25             |       | 12       | SLOW |              |          |          |
| led<1>                             | IOB              | OUTPUT    | LVCMOS25             |       | 12       | SLOW |              |          |          |
| led<2>                             | IOB              | OUTPUT    | LVCMOS25             |       | 12       | SLOW |              |          |          |
| led<3>                             | IOB              | OUTPUT    | LVCMOS25             |       | 12       | SLOW |              |          |          |
| led<4>                             | IOB              | OUTPUT    | LVCMOS25             |       | 12       | SLOW |              |          |          |
| led<5>                             | IOB              | OUTPUT    | LVCMOS25             |       | 12       | SLOW |              |          |          |
| led<6>                             | IOB              | OUTPUT    | LVCMOS25             |       | 12       | SLOW |              |          |          |
| led<7>                             | IOB              | OUTPUT    | LVCMOS25             |       | 12       | SLOW |              |          |          |
| mclk                               | IOB              | INPUT     | LVCMOS25             |       |          |      |              |          |          |
| pps_gps                            | IOB              | INPUT     | LVCMOS25             |       |          |      |              |          |          |
| rx_GPS                             | IOB              | INPUT     | LVCMOS25             |       |          |      |              |          |          |
| rx_in                              | IOB              | INPUT     | LVCMOS25             |       |          |      |              |          |          |
| sw<0>                              | IOB              | INPUT     | LVCMOS25             |       |          |      |              |          |          |
| sw<1>                              | IOB              | INPUT     | LVCMOS25             |       |          |      |              |          |          |
| sw<2>                              | IOB              | INPUT     | LVCMOS25             |       |          |      |              |          |          |
| sw<3>                              | IOB              | INPUT     | LVCMOS25             |       |          |      |              |          |          |
| sw<4>                              | IOB              | INPUT     | LVCMOS25             |       |          |      |              |          |          |
| sw<5>                              | IOB              | INPUT     | LVCMOS25             |       |          |      |              |          |          |
| sw<6>                              | IOB              | INPUT     | LVCMOS25             |       |          |      |              |          |          |
| sw<7>                              | IOB              | INPUT     | LVCMOS25             |       |          |      |              |          |          |
+---------------------------------------------------------------------------------------------------------------------------------------------------------+

Section 7 - RPMs
----------------

Section 8 - Guide Report
------------------------
Guide not run on this design.

Section 9 - Area Group and Partition Summary
--------------------------------------------

Partition Implementation Status
-------------------------------

  No Partitions were found in this design.

-------------------------------

Area Group Information
----------------------

  No area groups were found in this design.

----------------------

Section 10 - Timing Report
--------------------------
A logic-level (pre-route) timing report can be generated by using Xilinx static
timing analysis tools, Timing Analyzer (GUI) or TRCE (command line), with the
mapped NCD and PCF files. Please note that this timing report will be generated
using estimated delay information. For accurate numbers, please generate a
timing report with the post Place and Route NCD file.

For more information about the Timing Analyzer, consult the Xilinx Timing
Analyzer Reference Manual; for more information about TRCE, consult the Xilinx
Command Line Tools User Guide "TRACE" chapter.

Section 11 - Configuration String Details
-----------------------------------------
Use the "-detail" map option to print out Configuration Strings

Section 12 - Control Set Information
------------------------------------
Use the "-detail" map option to print out Control Set Information.

Section 13 - Utilization by Hierarchy
-------------------------------------
Use the "-detail" map option to print out the Utilization by Hierarchy section.
