Release 12.4 - xst M.81d (lin64)
Copyright (c) 1995-2010 Xilinx, Inc.  All rights reserved.
--> 
Parameter TMPDIR set to xst/projnav.tmp


Total REAL time to Xst completion: 0.00 secs
Total CPU time to Xst completion: 0.02 secs
 
--> 
Parameter xsthdpdir set to xst


Total REAL time to Xst completion: 0.00 secs
Total CPU time to Xst completion: 0.02 secs
 
--> 
Reading design: btn_pulse_5.prj

TABLE OF CONTENTS
  1) Synthesis Options Summary
  2) HDL Parsing
  3) HDL Elaboration
  4) HDL Synthesis
       4.1) HDL Synthesis Report
  5) Advanced HDL Synthesis
       5.1) Advanced HDL Synthesis Report
  6) Low Level Synthesis
  7) Partition Report
  8) Design Summary
       8.1) Primitive and Black Box Usage
       8.2) Device utilization summary
       8.3) Partition Resource Summary
       8.4) Timing Report
            8.4.1) Clock Information
            8.4.2) Asynchronous Control Signals Information
            8.4.3) Timing Summary
            8.4.4) Timing Details
            8.4.5) Cross Clock Domains Report


=========================================================================
*                      Synthesis Options Summary                        *
=========================================================================
---- Source Parameters
Input File Name                    : "btn_pulse_5.prj"
Input Format                       : mixed
Ignore Synthesis Constraint File   : NO

---- Target Parameters
Output File Name                   : "btn_pulse_5"
Output Format                      : NGC
Target Device                      : xc6slx16-3-csg324

---- Source Options
Top Module Name                    : btn_pulse_5
Automatic FSM Extraction           : YES
FSM Encoding Algorithm             : Auto
Safe Implementation                : No
FSM Style                          : LUT
RAM Extraction                     : Yes
RAM Style                          : Auto
ROM Extraction                     : Yes
Shift Register Extraction          : YES
ROM Style                          : Auto
Resource Sharing                   : YES
Asynchronous To Synchronous        : NO
Shift Register Minimum Size        : 2
Use DSP Block                      : Auto
Automatic Register Balancing       : No

---- Target Options
LUT Combining                      : Auto
Reduce Control Sets                : Auto
Add IO Buffers                     : YES
Global Maximum Fanout              : 100000
Add Generic Clock Buffer(BUFG)     : 16
Register Duplication               : YES
Optimize Instantiated Primitives   : NO
Use Clock Enable                   : Auto
Use Synchronous Set                : Auto
Use Synchronous Reset              : Auto
Pack IO Registers into IOBs        : Auto
Equivalent register Removal        : YES

---- General Options
Optimization Goal                  : Speed
Optimization Effort                : 1
Power Reduction                    : NO
Keep Hierarchy                     : No
Netlist Hierarchy                  : As_Optimized
RTL Output                         : Yes
Global Optimization                : AllClockNets
Read Cores                         : YES
Write Timing Constraints           : NO
Cross Clock Analysis               : NO
Hierarchy Separator                : /
Bus Delimiter                      : <>
Case Specifier                     : Maintain
Slice Utilization Ratio            : 100
BRAM Utilization Ratio             : 100
DSP48 Utilization Ratio            : 100
Auto BRAM Packing                  : NO
Slice Utilization Ratio Delta      : 5

=========================================================================


=========================================================================
*                          HDL Parsing                                  *
=========================================================================
Parsing VHDL file "/home/m1/noirbent/AEO/5tp_finite_state/TP5/fde.vhd" into library work
Parsing entity <fde>.
Parsing architecture <Behavioral> of entity <fde>.
Parsing VHDL file "/home/m1/noirbent/AEO/5tp_finite_state/TP5/fd.vhd" into library work
Parsing entity <fd>.
Parsing architecture <Behavioral> of entity <fd>.
Parsing VHDL file "/home/m1/noirbent/AEO/5tp_finite_state/TP5/btn_pulse.vhd" into library work
Parsing entity <btn_pulse>.
Parsing architecture <Behavioral> of entity <btn_pulse>.
Parsing VHDL file "/home/m1/noirbent/AEO/5tp_finite_state/TP5/btn_pulse_5.vhd" into library work
Parsing entity <btn_pulse_5>.
Parsing architecture <Behavioral> of entity <btn_pulse_5>.

=========================================================================
*                            HDL Elaboration                            *
=========================================================================

Elaborating entity <btn_pulse_5> (architecture <Behavioral>) from library <work>.

Elaborating entity <btn_pulse> (architecture <Behavioral>) from library <work>.

Elaborating entity <fde> (architecture <Behavioral>) from library <work>.
WARNING:HDLCompiler:1127 - "/home/m1/noirbent/AEO/5tp_finite_state/TP5/btn_pulse.vhd" Line 66: Assignment to o1 ignored, since the identifier is never used

Elaborating entity <fd> (architecture <Behavioral>) from library <work>.

=========================================================================
*                           HDL Synthesis                               *
=========================================================================

Synthesizing Unit <btn_pulse_5>.
    Related source file is "/home/m1/noirbent/AEO/5tp_finite_state/TP5/btn_pulse_5.vhd".
    Summary:
	no macro.
Unit <btn_pulse_5> synthesized.

Synthesizing Unit <btn_pulse>.
    Related source file is "/home/m1/noirbent/AEO/5tp_finite_state/TP5/btn_pulse.vhd".
    Summary:
	no macro.
Unit <btn_pulse> synthesized.

Synthesizing Unit <fde>.
    Related source file is "/home/m1/noirbent/AEO/5tp_finite_state/TP5/fde.vhd".
    Found 1-bit register for signal <s>.
    Summary:
	inferred   1 D-type flip-flop(s).
Unit <fde> synthesized.

Synthesizing Unit <fd>.
    Related source file is "/home/m1/noirbent/AEO/5tp_finite_state/TP5/fd.vhd".
    Found 1-bit register for signal <s>.
    Summary:
	inferred   1 D-type flip-flop(s).
Unit <fd> synthesized.
RTL-Simplification CPUSTAT: 0.00 
RTL-BasicInf CPUSTAT: 0.08 
RTL-BasicOpt CPUSTAT: 0.01 
RTL-Remain-Bus CPUSTAT: 0.00 

=========================================================================
HDL Synthesis Report

Macro Statistics
# Registers                                            : 30
 1-bit register                                        : 30

=========================================================================

=========================================================================
*                       Advanced HDL Synthesis                          *
=========================================================================


=========================================================================
Advanced HDL Synthesis Report

Macro Statistics
# Registers                                            : 30
 Flip-Flops                                            : 30

=========================================================================

=========================================================================
*                         Low Level Synthesis                           *
=========================================================================

Optimizing unit <btn_pulse_5> ...

Mapping all equations...
Building and optimizing final netlist ...
Found area constraint ratio of 100 (+ 5) on block btn_pulse_5, actual ratio is 0.

Final Macro Processing ...

Processing Unit <btn_pulse_5> :
	Found 3-bit shift register for signal <Inst_btn_pulse0/Inst_fde2/s>.
	Found 3-bit shift register for signal <Inst_btn_pulse1/Inst_fde2/s>.
	Found 3-bit shift register for signal <Inst_btn_pulse2/Inst_fde2/s>.
	Found 3-bit shift register for signal <Inst_btn_pulse3/Inst_fde2/s>.
	Found 3-bit shift register for signal <Inst_btn_pulse4/Inst_fde2/s>.
Unit <btn_pulse_5> processed.

=========================================================================
Final Register Report

Macro Statistics
# Registers                                            : 15
 Flip-Flops                                            : 15
# Shift Registers                                      : 5
 3-bit shift register                                  : 5

=========================================================================

=========================================================================
*                           Partition Report                            *
=========================================================================

Partition Implementation Status
-------------------------------

  No Partitions were found in this design.

-------------------------------

=========================================================================
*                            Design Summary                             *
=========================================================================

Top Level Output File Name         : btn_pulse_5.ngc

Primitive and Black Box Usage:
------------------------------
# BELS                             : 7
#      GND                         : 1
#      LUT3                        : 5
#      VCC                         : 1
# FlipFlops/Latches                : 15
#      FD                          : 15
# Shift Registers                  : 5
#      SRLC16E                     : 5
# Clock Buffers                    : 1
#      BUFGP                       : 1
# IO Buffers                       : 11
#      IBUF                        : 6
#      OBUF                        : 5

Device utilization summary:
---------------------------

Selected Device : 6slx16csg324-3 


Slice Logic Utilization: 
 Number of Slice Registers:              15  out of  18224     0%  
 Number of Slice LUTs:                   10  out of   9112     0%  
    Number used as Logic:                 5  out of   9112     0%  
    Number used as Memory:                5  out of   2176     0%  
       Number used as SRL:                5

Slice Logic Distribution: 
 Number of LUT Flip Flop pairs used:     20
   Number with an unused Flip Flop:       5  out of     20    25%  
   Number with an unused LUT:            10  out of     20    50%  
   Number of fully used LUT-FF pairs:     5  out of     20    25%  
   Number of unique control sets:         1

IO Utilization: 
 Number of IOs:                          12
 Number of bonded IOBs:                  12  out of    232     5%  

Specific Feature Utilization:
 Number of BUFG/BUFGCTRLs:                1  out of     16     6%  

---------------------------
Partition Resource Summary:
---------------------------

  No Partitions were found in this design.

---------------------------


=========================================================================
Timing Report

NOTE: THESE TIMING NUMBERS ARE ONLY A SYNTHESIS ESTIMATE.
      FOR ACCURATE TIMING INFORMATION PLEASE REFER TO THE TRACE REPORT
      GENERATED AFTER PLACE-and-ROUTE.

Clock Information:
------------------
-----------------------------------+------------------------+-------+
Clock Signal                       | Clock buffer(FF name)  | Load  |
-----------------------------------+------------------------+-------+
clk                                | BUFGP                  | 20    |
-----------------------------------+------------------------+-------+

Asynchronous Control Signals Information:
----------------------------------------
No asynchronous control signals found in this design

Timing Summary:
---------------
Speed Grade: -3

   Minimum period: 1.415ns (Maximum Frequency: 706.714MHz)
   Minimum input arrival time before clock: 2.127ns
   Maximum output required time after clock: 4.647ns
   Maximum combinational path delay: No path found

Timing Details:
---------------
All values displayed in nanoseconds (ns)

=========================================================================
Timing constraint: Default period analysis for Clock 'clk'
  Clock period: 1.415ns (frequency: 706.714MHz)
  Total number of paths / destination ports: 15 / 15
-------------------------------------------------------------------------
Delay:               1.415ns (Levels of Logic = 0)
  Source:            Inst_btn_pulse0/Inst_fde2/Mshreg_s (FF)
  Destination:       Inst_btn_pulse0/Inst_fd0/s (FF)
  Source Clock:      clk rising
  Destination Clock: clk rising

  Data Path: Inst_btn_pulse0/Inst_fde2/Mshreg_s to Inst_btn_pulse0/Inst_fd0/s
                                Gate     Net
    Cell:in->out      fanout   Delay   Delay  Logical Name (Net Name)
    ----------------------------------------  ------------
     SRLC16E:CLK->Q        1   1.313   0.000  Inst_btn_pulse0/Inst_fde2/Mshreg_s (Inst_btn_pulse0/Inst_fde2/s)
     FD:D                      0.102          Inst_btn_pulse0/Inst_fd0/s
    ----------------------------------------
    Total                      1.415ns (1.415ns logic, 0.000ns route)
                                       (100.0% logic, 0.0% route)

=========================================================================
Timing constraint: Default OFFSET IN BEFORE for Clock 'clk'
  Total number of paths / destination ports: 10 / 10
-------------------------------------------------------------------------
Offset:              2.127ns (Levels of Logic = 1)
  Source:            enable (PAD)
  Destination:       Inst_btn_pulse2/Inst_fde2/Mshreg_s (FF)
  Destination Clock: clk rising

  Data Path: enable to Inst_btn_pulse2/Inst_fde2/Mshreg_s
                                Gate     Net
    Cell:in->out      fanout   Delay   Delay  Logical Name (Net Name)
    ----------------------------------------  ------------
     IBUF:I->O             5   1.222   0.714  enable_IBUF (enable_IBUF)
     SRLC16E:CE                0.191          Inst_btn_pulse2/Inst_fde2/Mshreg_s
    ----------------------------------------
    Total                      2.127ns (1.413ns logic, 0.714ns route)
                                       (66.4% logic, 33.6% route)

=========================================================================
Timing constraint: Default OFFSET OUT AFTER for Clock 'clk'
  Total number of paths / destination ports: 15 / 5
-------------------------------------------------------------------------
Offset:              4.647ns (Levels of Logic = 2)
  Source:            Inst_btn_pulse4/Inst_fd0/s (FF)
  Destination:       q<4> (PAD)
  Source Clock:      clk rising

  Data Path: Inst_btn_pulse4/Inst_fd0/s to q<4>
                                Gate     Net
    Cell:in->out      fanout   Delay   Delay  Logical Name (Net Name)
    ----------------------------------------  ------------
     FD:C->Q               2   0.447   0.845  Inst_btn_pulse4/Inst_fd0/s (Inst_btn_pulse4/Inst_fd0/s)
     LUT3:I0->O            1   0.205   0.579  Inst_btn_pulse4/q1 (q_4_OBUF)
     OBUF:I->O                 2.571          q_4_OBUF (q<4>)
    ----------------------------------------
    Total                      4.647ns (3.223ns logic, 1.424ns route)
                                       (69.4% logic, 30.6% route)

=========================================================================

Cross Clock Domains Report:
--------------------------

Clock to Setup on destination clock clk
---------------+---------+---------+---------+---------+
               | Src:Rise| Src:Fall| Src:Rise| Src:Fall|
Source Clock   |Dest:Rise|Dest:Rise|Dest:Fall|Dest:Fall|
---------------+---------+---------+---------+---------+
clk            |    1.415|         |         |         |
---------------+---------+---------+---------+---------+

=========================================================================


Total REAL time to Xst completion: 3.00 secs
Total CPU time to Xst completion: 2.20 secs
 
--> 


Total memory usage is 361616 kilobytes

Number of errors   :    0 (   0 filtered)
Number of warnings :    1 (   0 filtered)
Number of infos    :    0 (   0 filtered)

