Command line:
   C16b_isim_beh.exe
     -simmode  gui
     -simrunnum  0
     -socket  55973

Fri Oct  7 09:57:58 2016


 Elaboration Time: 0.01 sec

 Current Memory Usage: 157.802 Meg

 Total Signals          : 4
 Total Nets             : 34
 Total Signal Drivers   : 2
 Total Blocks           : 4
 Total Primitive Blocks : 4
 Total Processes        : 2
 Total Traceable Variables  : 10
 Total Scalar Nets and Variables : 412
Total Line Count : 5

 Total Simulation Time: 0.05 sec

 Current Memory Usage: 232.251 Meg

Fri Oct  7 10:17:09 2016

